0 0.002518 0.000000
1 0.002452 0.000000
2 0.002389 0.000002
3 0.002327 0.000007
4 0.002267 0.000013
5 0.002208 0.000021
6 0.002151 0.000030
7 0.002095 0.000041
8 0.002041 0.000053
9 0.001988 0.000067
10 0.001936 0.000081
11 0.001886 0.000096
12 0.001837 0.000112
13 0.001790 0.000128
14 0.001743 0.000146
15 0.001698 0.000163
16 0.001654 0.000181
17 0.001611 0.000199
18 0.001570 0.000218
19 0.001529 0.000236
20 0.001489 0.000255
21 0.001451 0.000274
22 0.001413 0.000293
23 0.001377 0.000312
24 0.001341 0.000330
25 0.001306 0.000349
26 0.001272 0.000367
27 0.001239 0.000385
28 0.001207 0.000403
29 0.001176 0.000420
30 0.001146 0.000437
31 0.001116 0.000454
32 0.001096 0.000470
33 0.001067 0.000486
34 0.001040 0.000502
35 0.001013 0.000517
36 0.000987 0.000532
37 0.000961 0.000546
38 0.000958 0.000560
39 0.000969 0.000574
40 0.000952 0.000587
41 0.000928 0.000599
42 0.000904 0.000611
43 0.000880 0.000623
44 0.000858 0.000634
45 0.000835 0.000645
46 0.000814 0.000655
47 0.000793 0.000665
48 0.000772 0.000675
49 0.000752 0.000684
50 0.000733 0.000692
51 0.000714 0.000700
52 0.000695 0.000708
53 0.000677 0.000715
54 0.000660 0.000722
55 0.000643 0.000728
56 0.000626 0.000734
57 0.000610 0.000740
58 0.000594 0.000745
59 0.000578 0.000749
60 0.000563 0.000754
61 0.000549 0.000757
62 0.000535 0.000761
63 0.000521 0.000764
64 0.000507 0.000766
65 0.000494 0.000769
66 0.000481 0.000771
67 0.000469 0.000772
68 0.000457 0.000773
69 0.000445 0.000774
70 0.000433 0.000775
71 0.000422 0.000775
72 0.000411 0.000775
73 0.000401 0.000774
74 0.000390 0.000773
75 0.000380 0.000772
76 0.000370 0.000771
77 0.000361 0.000769
78 0.000351 0.000767
79 0.000342 0.000765
80 0.000333 0.000763
81 0.000325 0.000760
82 0.000316 0.000758
83 0.000308 0.000754
84 0.000300 0.000751
85 0.000292 0.000748
86 0.000285 0.000744
87 0.000277 0.000740
88 0.000270 0.000736
89 0.000263 0.000732
90 0.000256 0.000728
91 0.000250 0.000723
92 0.000243 0.000718
93 0.000237 0.000713
94 0.000231 0.000708
95 0.000225 0.000703
96 0.000219 0.000698
97 0.000213 0.000693
98 0.000208 0.000687
99 0.000202 0.000682
100 0.000197 0.000676
101 0.000192 0.000670
102 0.000187 0.000664
103 0.000182 0.000659
104 0.000178 0.000653
105 0.000173 0.000647
106 0.000168 0.000640
107 0.000164 0.000634
108 0.000160 0.000628
109 0.000156 0.000622
110 0.000152 0.000615
111 0.000148 0.000609
112 0.000144 0.000603
113 0.000140 0.000596
114 0.000137 0.000590
115 0.000133 0.000583
116 0.000130 0.000577
117 0.000126 0.000570
118 0.000123 0.000564
119 0.000120 0.000557
120 0.000117 0.000551
121 0.000114 0.000544
122 0.000111 0.000537
123 0.000108 0.000531
124 0.000105 0.000524
125 0.000102 0.000518
126 0.000100 0.000511
127 0.000097 0.000505
128 0.000095 0.000498
129 0.000092 0.000492
130 0.000090 0.000486
131 0.000087 0.000479
132 0.000085 0.000473
133 0.000083 0.000466
134 0.000081 0.000460
135 0.000079 0.000454
136 0.000077 0.000448
137 0.000075 0.000441
138 0.000073 0.000435
139 0.000071 0.000429
140 0.000069 0.000423
141 0.000067 0.000417
142 0.000066 0.000411
143 0.000064 0.000405
144 0.000062 0.000399
145 0.000061 0.000393
146 0.000059 0.000387
147 0.000057 0.000382
148 0.000056 0.000376
149 0.000055 0.000370
150 0.000053 0.000365
151 0.000052 0.000359
152 0.000050 0.000354
153 0.000049 0.000348
154 0.000048 0.000343
155 0.000047 0.000337
156 0.000045 0.000332
157 0.000044 0.000327
158 0.000043 0.000322
159 0.000042 0.000317
160 0.000041 0.000312
161 0.000040 0.000307
162 0.000039 0.000302
163 0.000038 0.000297
164 0.000037 0.000292
165 0.000036 0.000287
166 0.000035 0.000282
167 0.000034 0.000278
168 0.000033 0.000273
169 0.000032 0.000269
170 0.000031 0.000264
171 0.000031 0.000260
172 0.000030 0.000255
173 0.000029 0.000251
174 0.000028 0.000247
175 0.000028 0.000242
176 0.000027 0.000238
177 0.000026 0.000234
178 0.000025 0.000230
179 0.000025 0.000226
180 0.000024 0.000222
181 0.000024 0.000218
182 0.000023 0.000215
183 0.000022 0.000211
184 0.000022 0.000207
185 0.000021 0.000203
186 0.000021 0.000200
187 0.000020 0.000196
188 0.000020 0.000193
189 0.000019 0.000189
190 0.000019 0.000186
191 0.000018 0.000183
192 0.000018 0.000179
193 0.000017 0.000176
194 0.000017 0.000173
195 0.000016 0.000170
196 0.000016 0.000167
197 0.000015 0.000163
198 0.000015 0.000160
199 0.000015 0.000158
200 0.000014 0.000155
201 0.000014 0.000152
202 0.000014 0.000149
203 0.000013 0.000146
204 0.000013 0.000143
205 0.000013 0.000141
206 0.000012 0.000138
207 0.000012 0.000135
208 0.000012 0.000133
209 0.000011 0.000130
210 0.000011 0.000128
211 0.000011 0.000125
212 0.000010 0.000123
213 0.000010 0.000121
214 0.000010 0.000118
215 0.000010 0.000116
216 0.000009 0.000114
217 0.000009 0.000112
218 0.000009 0.000110
219 0.000009 0.000107
220 0.000008 0.000105
221 0.000008 0.000103
222 0.000008 0.000101
223 0.000008 0.000099
224 0.000008 0.000097
225 0.000007 0.000095
226 0.000007 0.000094
227 0.000007 0.000092
228 0.000007 0.000090
229 0.000007 0.000088
230 0.000007 0.000086
231 0.000006 0.000085
232 0.000006 0.000083
233 0.000006 0.000081
234 0.000006 0.000080
235 0.000006 0.000078
236 0.000006 0.000077
237 0.000005 0.000075
238 0.000005 0.000074
239 0.000005 0.000072
240 0.000005 0.000071
241 0.000005 0.000069
242 0.000005 0.000068
243 0.000005 0.000066
244 0.000005 0.000065
245 0.000004 0.000064
246 0.000004 0.000062
247 0.000004 0.000061
248 0.000004 0.000060
249 0.000004 0.000059
250 0.000004 0.000058
251 0.000004 0.000056
252 0.000004 0.000055
253 0.000004 0.000054
254 0.000003 0.000053
255 0.000003 0.000052
256 0.000003 0.000051
257 0.000003 0.000050
258 0.000003 0.000049
259 0.000003 0.000048
260 0.000003 0.000047
261 0.000003 0.000046
262 0.000003 0.000045
263 0.000003 0.000044
264 0.000003 0.000043
265 0.000003 0.000042
266 0.000003 0.000041
267 0.000002 0.000040
268 0.000002 0.000039
269 0.000002 0.000039
270 0.000002 0.000038
271 0.000002 0.000037
272 0.000002 0.000036
273 0.000002 0.000035
274 0.000002 0.000035
275 0.000002 0.000034
276 0.000002 0.000033
277 0.000002 0.000033
278 0.000002 0.000032
279 0.000002 0.000031
280 0.000002 0.000031
281 0.000002 0.000030
282 0.000002 0.000029
283 0.000002 0.000029
284 0.000002 0.000028
285 0.000002 0.000027
286 0.000001 0.000027
287 0.000001 0.000026
288 0.000001 0.000026
289 0.000001 0.000025
290 0.000001 0.000025
291 0.000001 0.000024
292 0.000001 0.000024
293 0.000001 0.000023
294 0.000001 0.000023
295 0.000001 0.000022
296 0.000001 0.000022
297 0.000001 0.000021
298 0.000001 0.000021
299 0.000001 0.000020
300 0.000001 0.000020
301 0.000001 0.000019
302 0.000001 0.000019
303 0.000001 0.000018
304 0.000001 0.000018
305 0.000001 0.000018
306 0.000001 0.000017
307 0.000001 0.000017
308 0.000001 0.000017
309 0.000001 0.000016
310 0.000001 0.000016
311 0.000001 0.000015
312 0.000001 0.000015
313 0.000001 0.000015
314 0.000001 0.000014
315 0.000001 0.000014
316 0.000001 0.000014
317 0.000001 0.000014
318 0.000001 0.000013
319 0.000001 0.000013
320 0.000001 0.000013
321 0.000001 0.000012
322 0.000001 0.000012
323 0.000001 0.000012
324 0.000001 0.000012
325 0.000001 0.000011
326 0.000066 0.000011
327 0.000064 0.000011
328 0.000063 0.000011
329 0.000061 0.000011
330 0.000060 0.000010
331 0.000063 0.000010
332 0.000241 0.000010
333 0.000235 0.000011
334 0.000229 0.000011
335 0.000223 0.000011
336 0.000217 0.000012
337 0.000212 0.000013
338 0.000206 0.000014
339 0.000201 0.000015
340 0.000196 0.000016
341 0.000190 0.000017
342 0.000186 0.000018
343 0.000181 0.000020
344 0.000176 0.000021
345 0.000171 0.000023
346 0.000167 0.000024
347 0.000163 0.000026
348 0.000158 0.000028
349 0.000154 0.000029
350 0.000150 0.000031
351 0.000146 0.000033
352 0.000143 0.000034
353 0.000139 0.000036
354 0.000135 0.000038
355 0.000132 0.000040
356 0.000128 0.000041
357 0.000125 0.000043
358 0.000122 0.000045
359 0.000119 0.000046
360 0.000116 0.000048
361 0.000113 0.000049
362 0.000110 0.000051
363 0.000107 0.000052
364 0.000104 0.000054
365 0.000101 0.000055
366 0.000099 0.000057
367 0.000096 0.000058
368 0.000094 0.000059
369 0.000091 0.000060
370 0.000089 0.000062
371 0.000087 0.000063
372 0.000084 0.000064
373 0.000082 0.000065
374 0.000080 0.000066
375 0.000078 0.000067
376 0.000076 0.000068
377 0.000074 0.000069
378 0.000072 0.000070
379 0.000070 0.000071
380 0.000068 0.000071
381 0.000067 0.000072
382 0.000065 0.000073
383 0.000063 0.000073
384 0.000062 0.000074
385 0.000060 0.000074
386 0.000058 0.000075
387 0.000078 0.000075
388 0.000119 0.000076
389 0.000239 0.000076
390 0.000275 0.000076
391 0.000360 0.000077
392 0.000350 0.000078
393 0.000341 0.000079
394 0.000332 0.000080
395 0.000446 0.000081
396 0.000608 0.000082
397 0.000765 0.000084
398 0.000812 0.000086
399 0.000887 0.000088
400 0.001015 0.000091
401 0.000989 0.000095
402 0.000963 0.000099
403 0.000939 0.000104
404 0.000914 0.000109
405 0.000891 0.000115
406 0.000867 0.000121
407 0.000845 0.000127
408 0.000823 0.000134
409 0.000802 0.000141
410 0.000781 0.000148
411 0.000761 0.000155
412 0.000741 0.000163
413 0.000722 0.000170
414 0.000703 0.000178
415 0.000685 0.000185
416 0.000667 0.000193
417 0.000650 0.000201
418 0.000633 0.000208
419 0.000617 0.000216
420 0.000601 0.000223
421 0.000585 0.000231
422 0.000570 0.000238
423 0.000555 0.000245
424 0.000541 0.000252
425 0.000527 0.000259
426 0.000513 0.000266
427 0.000500 0.000272
428 0.000487 0.000279
429 0.000474 0.000285
430 0.000462 0.000291
431 0.000450 0.000297
432 0.000438 0.000303
433 0.000427 0.000308
434 0.000416 0.000313
435 0.000405 0.000318
436 0.000395 0.000323
437 0.000385 0.000328
438 0.000375 0.000332
439 0.000365 0.000336
440 0.000355 0.000340
441 0.000346 0.000344
442 0.000337 0.000348
443 0.000328 0.000351
444 0.000320 0.000354
445 0.000312 0.000357
446 0.000304 0.000360
447 0.000296 0.000362
448 0.000288 0.000365
449 0.000281 0.000367
450 0.000273 0.000369
451 0.000266 0.000370
452 0.000259 0.000372
453 0.000253 0.000373
454 0.000246 0.000374
455 0.000240 0.000375
456 0.000234 0.000376
457 0.000227 0.000377
458 0.000222 0.000377
459 0.000216 0.000378
460 0.000210 0.000378
461 0.000205 0.000378
462 0.000200 0.000378
463 0.000194 0.000377
464 0.000189 0.000377
465 0.000184 0.000376
466 0.000180 0.000376
467 0.000175 0.000375
468 0.000170 0.000374
469 0.000166 0.000373
470 0.000162 0.000371
471 0.000158 0.000370
472 0.000153 0.000369
473 0.000149 0.000367
474 0.000146 0.000366
475 0.000142 0.000364
476 0.000138 0.000362
477 0.000135 0.000360
478 0.000131 0.000358
479 0.000128 0.000356
480 0.000124 0.000354
481 0.000121 0.000352
482 0.000118 0.000349
483 0.000115 0.000347
484 0.000112 0.000344
485 0.000109 0.000342
486 0.000106 0.000339
487 0.000104 0.000337
488 0.000101 0.000334
489 0.000098 0.000331
490 0.000096 0.000329
491 0.000093 0.000326
492 0.000091 0.000323
493 0.000088 0.000320
494 0.000086 0.000317
495 0.000084 0.000314
496 0.000082 0.000311
497 0.000080 0.000308
498 0.000078 0.000305
499 0.000076 0.000302
500 0.000074 0.000299
501 0.000072 0.000296
502 0.000070 0.000293
503 0.000068 0.000290
504 0.000066 0.000286
505 0.000065 0.000283
506 0.000063 0.000280
507 0.000061 0.000277
508 0.000060 0.000274
509 0.000112 0.000270
510 0.000339 0.000267
511 0.000571 0.000264
512 0.000822 0.000261
513 0.001644 0.000259
514 0.001935 0.000257
515 0.001985 0.000257
516 0.001988 0.000258
517 0.001971 0.000260
518 0.001920 0.000264
519 0.001870 0.000270
520 0.001822 0.000276
521 0.001775 0.000284
522 0.001729 0.000292
523 0.001684 0.000301
524 0.001640 0.000311
525 0.001598 0.000322
526 0.001556 0.000333
527 0.001516 0.000345
528 0.001477 0.000357
529 0.001438 0.000370
530 0.001401 0.000382
531 0.001365 0.000395
532 0.001330 0.000408
533 0.001295 0.000421
534 0.001262 0.000434
535 0.001229 0.000448
536 0.001197 0.000461
537 0.001166 0.000474
538 0.001136 0.000487
539 0.001106 0.000499
540 0.001235 0.000512
541 0.001255 0.000524
542 0.001619 0.000537
543 0.001654 0.000549
544 0.001651 0.000561
545 0.001608 0.000574
546 0.001922 0.000587
547 0.001950 0.000600
548 0.001926 0.000613
549 0.001970 0.000627
550 0.001950 0.000642
551 0.002054 0.000656
552 0.002061 0.000671
553 0.002099 0.000686
554 0.002114 0.000702
555 0.002128 0.000718
556 0.002072 0.000734
557 0.002019 0.000751
558 0.001966 0.000767
559 0.001916 0.000784
560 0.001866 0.000801
561 0.001818 0.000818
562 0.001771 0.000835
563 0.001725 0.000852
564 0.001680 0.000869
565 0.001636 0.000885
566 0.001594 0.000901
567 0.001553 0.000917
568 0.001513 0.000932
569 0.001473 0.000948
570 0.001435 0.000962
571 0.001398 0.000977
572 0.001362 0.000991
573 0.001327 0.001004
574 0.001320 0.001017
575 0.001353 0.001030
576 0.001322 0.001042
577 0.001288 0.001053
578 0.001255 0.001065
579 0.001240 0.001075
580 0.001208 0.001085
581 0.001186 0.001095
582 0.001155 0.001104
583 0.001134 0.001113
584 0.001105 0.001122
585 0.001076 0.001129
586 0.001048 0.001137
587 0.001021 0.001144
588 0.000995 0.001150
589 0.000969 0.001156
590 0.000944 0.001161
591 0.000919 0.001166
592 0.000896 0.001171
593 0.000872 0.001175
594 0.000850 0.001178
595 0.000828 0.001181
596 0.000806 0.001184
597 0.000785 0.001186
598 0.000765 0.001187
599 0.000745 0.001188
600 0.000726 0.001189
601 0.000774 0.001189
602 0.000754 0.001189
603 0.000734 0.001188
604 0.000715 0.001187
605 0.000697 0.001186
606 0.000678 0.001185
607 0.000661 0.001183
608 0.000644 0.001180
609 0.000627 0.001178
610 0.000611 0.001175
611 0.000595 0.001171
612 0.000580 0.001168
613 0.000565 0.001164
614 0.000550 0.001160
615 0.000536 0.001155
616 0.000522 0.001150
617 0.000508 0.001145
618 0.000495 0.001140
619 0.000482 0.001135
620 0.000470 0.001129
621 0.000458 0.001123
622 0.000446 0.001116
623 0.000434 0.001110
624 0.000423 0.001103
625 0.000412 0.001096
626 0.000401 0.001089
627 0.000391 0.001082
628 0.000381 0.001074
629 0.000371 0.001067
630 0.000361 0.001059
631 0.000352 0.001051
632 0.000343 0.001043
633 0.000334 0.001035
634 0.000325 0.001026
635 0.000317 0.001018
636 0.000309 0.001009
637 0.000367 0.001000
638 0.000535 0.000991
639 0.000521 0.000983
640 0.000508 0.000974
641 0.000494 0.000965
642 0.000482 0.000957
643 0.000469 0.000948
644 0.000457 0.000940
645 0.000445 0.000931
646 0.000434 0.000923
647 0.000422 0.000915
648 0.000411 0.000907
649 0.000401 0.000899
650 0.000390 0.000891
651 0.000380 0.000883
652 0.000370 0.000875
653 0.000361 0.000867
654 0.000351 0.000859
655 0.000342 0.000851
656 0.000333 0.000843
657 0.000325 0.000835
658 0.000316 0.000827
659 0.000308 0.000819
660 0.000300 0.000811
661 0.000292 0.000804
662 0.000285 0.000796
663 0.000278 0.000788
664 0.000270 0.000780
665 0.000263 0.000772
666 0.000257 0.000765
667 0.000250 0.000757
668 0.000243 0.000749
669 0.000237 0.000741
670 0.000231 0.000733
671 0.000225 0.000726
672 0.000219 0.000718
673 0.000213 0.000710
674 0.000208 0.000703
675 0.000221 0.000695
676 0.000220 0.000687
677 0.000312 0.000680
678 0.000405 0.000672
679 0.000606 0.000665
680 0.000828 0.000657
681 0.000874 0.000650
682 0.000900 0.000644
683 0.000877 0.000638
684 0.000854 0.000633
685 0.000832 0.000629
686 0.000811 0.000624
687 0.000790 0.000621
688 0.000769 0.000617
689 0.000749 0.000614
690 0.000730 0.000612
691 0.000711 0.000609
692 0.000693 0.000607
693 0.000675 0.000605
694 0.000657 0.000604
695 0.000640 0.000602
696 0.000624 0.000601
697 0.000607 0.000599
698 0.000592 0.000598
699 0.000576 0.000597
700 0.000561 0.000596
701 0.000547 0.000595
702 0.000533 0.000594
703 0.000519 0.000593
704 0.000505 0.000592
705 0.000523 0.000591
706 0.000571 0.000590
707 0.000556 0.000589
708 0.000542 0.000588
709 0.000528 0.000587
710 0.000518 0.000586
711 0.000825 0.000585
712 0.001638 0.000584
713 0.001870 0.000584
714 0.002008 0.000584
715 0.002107 0.000586
716 0.002221 0.000588
717 0.002464 0.000592
718 0.002535 0.000597
719 0.002530 0.000604
720 0.002465 0.000612
721 0.002401 0.000621
722 0.002339 0.000631
723 0.002278 0.000642
724 0.002219 0.000654
725 0.002162 0.000667
726 0.002106 0.000681
727 0.002051 0.000695
728 0.001998 0.000709
729 0.001946 0.000724
730 0.001896 0.000739
731 0.001847 0.000754
732 0.001799 0.000770
733 0.001752 0.000785
734 0.001707 0.000800
735 0.001663 0.000816
736 0.001620 0.000831
737 0.001578 0.000846
738 0.001537 0.000861
739 0.001497 0.000876
740 0.001458 0.000890
741 0.001420 0.000904
742 0.001384 0.000918
743 0.001348 0.000932
744 0.001313 0.000945
745 0.001279 0.000957
746 0.001246 0.000970
747 0.001213 0.000981
748 0.001182 0.000993
749 0.001151 0.001003
750 0.001122 0.001014
751 0.001093 0.001024
752 0.001064 0.001033
753 0.001037 0.001042
754 0.001010 0.001050
755 0.000984 0.001058
756 0.000958 0.001065
757 0.000933 0.001072
758 0.000909 0.001079
759 0.000886 0.001084
760 0.000863 0.001090
761 0.000840 0.001095
762 0.000819 0.001099
763 0.000797 0.001103
764 0.000777 0.001106
765 0.000757 0.001109
766 0.000737 0.001111
767 0.000718 0.001113
768 0.000699 0.001115
769 0.000681 0.001116
770 0.000664 0.001117
771 0.000646 0.001117
772 0.000630 0.001117
773 0.000613 0.001116
774 0.000597 0.001115
775 0.000582 0.001113
776 0.000567 0.001112
777 0.000552 0.001109
778 0.000538 0.001107
779 0.000524 0.001104
780 0.000510 0.001101
781 0.000497 0.001097
782 0.000484 0.001093
783 0.000472 0.001089
784 0.000460 0.001085
785 0.000448 0.001080
786 0.000436 0.001075
787 0.000425 0.001070
788 0.000414 0.001064
789 0.000403 0.001058
790 0.000393 0.001052
791 0.000382 0.001046
792 0.000373 0.001039
793 0.000363 0.001033
794 0.000353 0.001026
795 0.000344 0.001019
796 0.000335 0.001011
797 0.000327 0.001004
798 0.000318 0.000996
799 0.000310 0.000989
800 0.000302 0.000981
801 0.000294 0.000973
802 0.000287 0.000965
803 0.000279 0.000956
804 0.000272 0.000948
805 0.000265 0.000939
806 0.000258 0.000931
807 0.000251 0.000922
808 0.000245 0.000913
809 0.000238 0.000904
810 0.000232 0.000896
811 0.000226 0.000887
812 0.000220 0.000877
813 0.000215 0.000868
814 0.000209 0.000859
815 0.000204 0.000850
816 0.000198 0.000841
817 0.000193 0.000832
818 0.000188 0.000822
819 0.000183 0.000813
820 0.000179 0.000804
821 0.000174 0.000794
822 0.000170 0.000785
823 0.000165 0.000776
824 0.000161 0.000766
825 0.000157 0.000757
826 0.000153 0.000748
827 0.000149 0.000739
828 0.000145 0.000729
829 0.000141 0.000720
830 0.000137 0.000711
831 0.000134 0.000702
832 0.000130 0.000693
833 0.000127 0.000684
834 0.000124 0.000675
835 0.000121 0.000665
836 0.000117 0.000657
837 0.000114 0.000648
838 0.000111 0.000639
839 0.000108 0.000630
840 0.000106 0.000621
841 0.000103 0.000612
842 0.000100 0.000604
843 0.000098 0.000595
844 0.000095 0.000587
845 0.000093 0.000578
846 0.000090 0.000570
847 0.000088 0.000561
848 0.000086 0.000553
849 0.000083 0.000545
850 0.000081 0.000537
851 0.000079 0.000529
852 0.000077 0.000521
853 0.000075 0.000513
854 0.000073 0.000505
855 0.000071 0.000497
856 0.000069 0.000490
857 0.000068 0.000482
858 0.000066 0.000475
859 0.000064 0.000467
860 0.000063 0.000460
861 0.000061 0.000453
862 0.000059 0.000445
863 0.000058 0.000438
864 0.000056 0.000431
865 0.000055 0.000424
866 0.000053 0.000417
867 0.000052 0.000410
868 0.000051 0.000404
869 0.000049 0.000397
870 0.000048 0.000391
871 0.000047 0.000384
872 0.000046 0.000378
873 0.000044 0.000371
874 0.000043 0.000365
875 0.000042 0.000359
876 0.000041 0.000353
877 0.000040 0.000347
878 0.000039 0.000341
879 0.000038 0.000335
880 0.000037 0.000329
881 0.000036 0.000324
882 0.000035 0.000318
883 0.000034 0.000313
884 0.000033 0.000307
885 0.000032 0.000302
886 0.000032 0.000296
887 0.000031 0.000291
888 0.000030 0.000286
889 0.000029 0.000281
890 0.000028 0.000276
891 0.000028 0.000271
892 0.000027 0.000266
893 0.000026 0.000261
894 0.000026 0.000257
895 0.000025 0.000252
896 0.000024 0.000247
897 0.000024 0.000243
898 0.000023 0.000239
899 0.000022 0.000234
900 0.000022 0.000230
901 0.000021 0.000226
902 0.000021 0.000222
903 0.000020 0.000217
904 0.000020 0.000213
905 0.000019 0.000209
906 0.000019 0.000206
907 0.000018 0.000202
908 0.000018 0.000198
909 0.000017 0.000194
910 0.000017 0.000191
911 0.000016 0.000187
912 0.000016 0.000183
913 0.000016 0.000180
914 0.000015 0.000177
915 0.000015 0.000173
916 0.000014 0.000170
917 0.000014 0.000167
918 0.000014 0.000163
919 0.000013 0.000160
920 0.000013 0.000157
921 0.000013 0.000154
922 0.000012 0.000151
923 0.000012 0.000148
924 0.000012 0.000145
925 0.000011 0.000143
926 0.000011 0.000140
927 0.000011 0.000137
928 0.000010 0.000134
929 0.000010 0.000132
930 0.000010 0.000129
931 0.000010 0.000127
932 0.000009 0.000124
933 0.000009 0.000122
934 0.000009 0.000119
935 0.000009 0.000117
936 0.000009 0.000115
937 0.000008 0.000112
938 0.000008 0.000110
939 0.000008 0.000108
940 0.000008 0.000106
941 0.000007 0.000104
942 0.000007 0.000101
943 0.000007 0.000099
944 0.000007 0.000097
945 0.000007 0.000095
946 0.000007 0.000094
947 0.000006 0.000092
948 0.000006 0.000090
949 0.000006 0.000088
950 0.000006 0.000086
951 0.000006 0.000084
952 0.000006 0.000083
953 0.000005 0.000081
954 0.000005 0.000079
955 0.000005 0.000078
956 0.000005 0.000076
957 0.000005 0.000075
958 0.000005 0.000073
959 0.000005 0.000071
960 0.000005 0.000070
961 0.000004 0.000069
962 0.000004 0.000067
963 0.000004 0.000066
964 0.000004 0.000064
965 0.000004 0.000063
966 0.000004 0.000062
967 0.000004 0.000060
968 0.000004 0.000059
969 0.000004 0.000058
970 0.000003 0.000057
971 0.000003 0.000056
972 0.000003 0.000054
973 0.000003 0.000053
974 0.000003 0.000052
975 0.000003 0.000051
976 0.000003 0.000050
977 0.000003 0.000049
978 0.000003 0.000048
979 0.000003 0.000047
980 0.000003 0.000046
981 0.000003 0.000045
982 0.000003 0.000044
983 0.000002 0.000043
984 0.000002 0.000042
985 0.000002 0.000041
986 0.000002 0.000040
987 0.000002 0.000039
988 0.000002 0.000039
989 0.000002 0.000038
990 0.000002 0.000037
991 0.000002 0.000036
992 0.000002 0.000035
993 0.000002 0.000035
994 0.000002 0.000034
995 0.000002 0.000033
996 0.000002 0.000032
997 0.000002 0.000032
998 0.000002 0.000031
